Mon Mar 11 14:25:31 CET 2019 : Apache Derby Network Server - 10.11.1.2 - (1629631) démarré et prêt à accepter les connexions sur le port 1527
----------------------------------------------------------------
Mon Mar 11 14:27:24 CET 2019:
Amorçage de Derby version The Apache Software Foundation - Apache Derby - 10.11.1.2 - (1629631) : instance a816c00e-0169-6cee-02c9-000018e1bcd6 
dans le répertoire de base de données L:\Mes documents\DASI\TP1DASI\BDDPROACTIF avec le chargeur de classe sun.misc.Launcher$AppClassLoader@1d44bcfa
Chargé de file:/C:/Program%20Files/Java/jdk1.8.0_144/db/lib/derby.jar
java.vendor=Oracle Corporation
java.runtime.version=1.8.0_144-b01
user.dir=C:\Program Files\Java\jdk1.8.0_144\db
os.name=Windows 10
os.arch=amd64
os.version=10.0
derby.system.home=L:\Mes documents\DASI\TP1DASI
Chargeur de classe de la base de données démarré - derby.database.classpath = ''
----------------------------------------------------------------
Mon Mar 11 14:27:30 CET 2019:
Fermeture de l'instance a816c00e-0169-6cee-02c9-000018e1bcd6 sur le répertoire de base de données L:\Mes documents\DASI\TP1DASI\BDDPROACTIF avec le chargeur de classe sun.misc.Launcher$AppClassLoader@1d44bcfa 
Mon Mar 11 14:27:30 CET 2019 Thread[DRDAConnThread_2,5,main] (DATABASE = BDDPROACTIF), (DRDAID = {2}), Arrêt de la base de données 'BDDPROACTIF'.
----------------------------------------------------------------
Mon Mar 11 14:28:49 CET 2019:
Amorçage de Derby version The Apache Software Foundation - Apache Derby - 10.11.1.2 - (1629631) : instance a65c80ac-0169-6cee-02c9-000018e1bcd6 
dans le répertoire de base de données L:\Mes documents\DASI\TP1DASI\BDDPROACTIF avec le chargeur de classe sun.misc.Launcher$AppClassLoader@1d44bcfa
Chargé de file:/C:/Program%20Files/Java/jdk1.8.0_144/db/lib/derby.jar
java.vendor=Oracle Corporation
java.runtime.version=1.8.0_144-b01
user.dir=C:\Program Files\Java\jdk1.8.0_144\db
os.name=Windows 10
os.arch=amd64
os.version=10.0
derby.system.home=L:\Mes documents\DASI\TP1DASI
Chargeur de classe de la base de données démarré - derby.database.classpath = ''
